build/outputs/logs/manifest-merger-debug-report.txt
-- Merging decision tree log ---
manifest
ADDED from w4D5\sample-android-mixpanel-integration-master\AndroidManifest.xml:10:1-112:12
	package
		ADDED from w4D5\sample-android-mixpanel-integration-master\AndroidManifest.xml:11:5-43
		INJECTED from w4D5\sample-android-mixpanel-integration-master\AndroidManifest.xml
		INJECTED from w4D5\sample-android-mixpanel-integration-master\AndroidManifest.xml
	android:versionName
		ADDED from w4D5\sample-android-mixpanel-integration-master\AndroidManifest.xml:13:5-30
		INJECTED from w4D5\sample-android-mixpanel-integration-master\AndroidManifest.xml
		INJECTED from w4D5\sample-android-mixpanel-integration-master\AndroidManifest.xml
	android:versionCode
		ADDED from w4D5\sample-android-mixpanel-integration-master\AndroidManifest.xml:12:5-28
		INJECTED from w4D5\sample-android-mixpanel-integration-master\AndroidManifest.xml
		INJECTED from w4D5\sample-android-mixpanel-integration-master\AndroidManifest.xml
	xmlns:android
		ADDED from w4D5\sample-android-mixpanel-integration-master\AndroidManifest.xml:10:11-69
uses-permission#android.permission.INTERNET
ADDED from w4D5\sample-android-mixpanel-integration-master\AndroidManifest.xml:18:5-67
MERGED from [com.mixpanel.android:mixpanel-android:4.9.2] AndroidManifest.xml:16:5-67
	android:name
		ADDED from w4D5\sample-android-mixpanel-integration-master\AndroidManifest.xml:18:22-64
uses-permission#android.permission.ACCESS_NETWORK_STATE
ADDED from w4D5\sample-android-mixpanel-integration-master\AndroidManifest.xml:23:5-79
	android:name
		ADDED from w4D5\sample-android-mixpanel-integration-master\AndroidManifest.xml:23:22-76
uses-permission#android.permission.BLUETOOTH
ADDED from w4D5\sample-android-mixpanel-integration-master\AndroidManifest.xml:28:5-68
	android:name
		ADDED from w4D5\sample-android-mixpanel-integration-master\AndroidManifest.xml:28:22-65
uses-permission#com.google.android.c2dm.permission.RECEIVE
ADDED from w4D5\sample-android-mixpanel-integration-master\AndroidManifest.xml:34:5-82
	android:name
		ADDED from w4D5\sample-android-mixpanel-integration-master\AndroidManifest.xml:34:22-79
uses-permission#android.permission.GET_ACCOUNTS
ADDED from w4D5\sample-android-mixpanel-integration-master\AndroidManifest.xml:35:5-71
	android:name
		ADDED from w4D5\sample-android-mixpanel-integration-master\AndroidManifest.xml:35:22-68
uses-permission#android.permission.WAKE_LOCK
ADDED from w4D5\sample-android-mixpanel-integration-master\AndroidManifest.xml:36:5-68
	android:name
		ADDED from w4D5\sample-android-mixpanel-integration-master\AndroidManifest.xml:36:22-65
permission#com.mixpanel.example.hello.permission.C2D_MESSAGE
ADDED from w4D5\sample-android-mixpanel-integration-master\AndroidManifest.xml:46:5-120
	android:protectionLevel
		ADDED from w4D5\sample-android-mixpanel-integration-master\AndroidManifest.xml:46:82-117
	android:name
		ADDED from w4D5\sample-android-mixpanel-integration-master\AndroidManifest.xml:46:17-81
uses-permission#com.mixpanel.example.hello.permission.C2D_MESSAGE
ADDED from w4D5\sample-android-mixpanel-integration-master\AndroidManifest.xml:47:5-89
	android:name
		ADDED from w4D5\sample-android-mixpanel-integration-master\AndroidManifest.xml:47:22-86
application
ADDED from w4D5\sample-android-mixpanel-integration-master\AndroidManifest.xml:49:5-111:19
MERGED from [com.google.android.gms:play-services-gcm:7.3.0] AndroidManifest.xml:19:5-20
MERGED from [com.google.android.gms:play-services-base:7.3.0] AndroidManifest.xml:20:5-24:19
MERGED from [com.android.support:support-v4:22.0.0] AndroidManifest.xml:22:5-20
MERGED from [com.mixpanel.android:mixpanel-android:4.9.2] AndroidManifest.xml:42:5-122:19
	android:label
		ADDED from w4D5\sample-android-mixpanel-integration-master\AndroidManifest.xml:52:9-41
	android:allowBackup
		ADDED from w4D5\sample-android-mixpanel-integration-master\AndroidManifest.xml:50:9-35
	android:icon
		ADDED from w4D5\sample-android-mixpanel-integration-master\AndroidManifest.xml:51:9-45
	android:theme
		ADDED from w4D5\sample-android-mixpanel-integration-master\AndroidManifest.xml:53:9-40
meta-data#com.mixpanel.android.MPConfig.DisableFallback
ADDED from w4D5\sample-android-mixpanel-integration-master\AndroidManifest.xml:57:9-58:40
	android:value
		ADDED from w4D5\sample-android-mixpanel-integration-master\AndroidManifest.xml:58:16-37
	android:name
		ADDED from w4D5\sample-android-mixpanel-integration-master\AndroidManifest.xml:57:20-80
meta-data#com.mixpanel.android.MPConfig.AutoShowMixpanelUpdates
ADDED from w4D5\sample-android-mixpanel-integration-master\AndroidManifest.xml:63:9-64:40
	android:value
		ADDED from w4D5\sample-android-mixpanel-integration-master\AndroidManifest.xml:64:16-37
	android:name
		ADDED from w4D5\sample-android-mixpanel-integration-master\AndroidManifest.xml:63:20-88
meta-data#com.mixpanel.android.MPConfig.TestMode
ADDED from w4D5\sample-android-mixpanel-integration-master\AndroidManifest.xml:70:9-71:36
	android:value
		ADDED from w4D5\sample-android-mixpanel-integration-master\AndroidManifest.xml:71:13-33
	android:name
		ADDED from w4D5\sample-android-mixpanel-integration-master\AndroidManifest.xml:70:20-73
meta-data#com.mixpanel.android.MPConfig.EnableDebugLogging
ADDED from w4D5\sample-android-mixpanel-integration-master\AndroidManifest.xml:76:9-77:36
	android:value
		ADDED from w4D5\sample-android-mixpanel-integration-master\AndroidManifest.xml:77:13-33
	android:name
		ADDED from w4D5\sample-android-mixpanel-integration-master\AndroidManifest.xml:76:20-83
activity#com.mixpanel.example.hello.MainActivity
ADDED from w4D5\sample-android-mixpanel-integration-master\AndroidManifest.xml:79:9-86:20
	android:label
		ADDED from w4D5\sample-android-mixpanel-integration-master\AndroidManifest.xml:81:13-56
	android:name
		ADDED from w4D5\sample-android-mixpanel-integration-master\AndroidManifest.xml:80:13-67
intent-filter#android.intent.action.MAIN+android.intent.category.LAUNCHER
ADDED from w4D5\sample-android-mixpanel-integration-master\AndroidManifest.xml:82:13-85:29
action#android.intent.action.MAIN
ADDED from w4D5\sample-android-mixpanel-integration-master\AndroidManifest.xml:83:17-69
	android:name
		ADDED from w4D5\sample-android-mixpanel-integration-master\AndroidManifest.xml:83:25-66
category#android.intent.category.LAUNCHER
ADDED from w4D5\sample-android-mixpanel-integration-master\AndroidManifest.xml:84:17-77
	android:name
		ADDED from w4D5\sample-android-mixpanel-integration-master\AndroidManifest.xml:84:27-74
activity#com.mixpanel.android.surveys.SurveyActivity
ADDED from w4D5\sample-android-mixpanel-integration-master\AndroidManifest.xml:91:9-92:84
	android:theme
		ADDED from w4D5\sample-android-mixpanel-integration-master\AndroidManifest.xml:92:19-82
	android:name
		ADDED from w4D5\sample-android-mixpanel-integration-master\AndroidManifest.xml:91:19-77
receiver#com.mixpanel.android.mpmetrics.GCMReceiver
ADDED from w4D5\sample-android-mixpanel-integration-master\AndroidManifest.xml:95:9-102:20
	android:permission
		ADDED from w4D5\sample-android-mixpanel-integration-master\AndroidManifest.xml:96:13-73
	android:name
		ADDED from w4D5\sample-android-mixpanel-integration-master\AndroidManifest.xml:95:19-76
intent-filter#com.google.android.c2dm.intent.RECEIVE+com.google.android.c2dm.intent.REGISTRATION+samples.com.mixpanelhomework
ADDED from w4D5\sample-android-mixpanel-integration-master\AndroidManifest.xml:97:13-101:28
action#com.google.android.c2dm.intent.RECEIVE
ADDED from w4D5\sample-android-mixpanel-integration-master\AndroidManifest.xml:98:17-81
	android:name
		ADDED from w4D5\sample-android-mixpanel-integration-master\AndroidManifest.xml:98:25-78
action#com.google.android.c2dm.intent.REGISTRATION
ADDED from w4D5\sample-android-mixpanel-integration-master\AndroidManifest.xml:99:17-86
	android:name
		ADDED from w4D5\sample-android-mixpanel-integration-master\AndroidManifest.xml:99:25-83
category#samples.com.mixpanelhomework
ADDED from w4D5\sample-android-mixpanel-integration-master\AndroidManifest.xml:100:17-73
	android:name
		ADDED from w4D5\sample-android-mixpanel-integration-master\AndroidManifest.xml:100:27-70
receiver#com.mixpanel.android.mpmetrics.InstallReferrerReceiver
ADDED from w4D5\sample-android-mixpanel-integration-master\AndroidManifest.xml:105:9-109:20
	android:exported
		ADDED from w4D5\sample-android-mixpanel-integration-master\AndroidManifest.xml:105:89-112
	android:name
		ADDED from w4D5\sample-android-mixpanel-integration-master\AndroidManifest.xml:105:19-88
intent-filter#com.android.vending.INSTALL_REFERRER
ADDED from w4D5\sample-android-mixpanel-integration-master\AndroidManifest.xml:106:13-108:29
action#com.android.vending.INSTALL_REFERRER
ADDED from w4D5\sample-android-mixpanel-integration-master\AndroidManifest.xml:107:17-79
	android:name
		ADDED from w4D5\sample-android-mixpanel-integration-master\AndroidManifest.xml:107:25-76
uses-sdk
INJECTED from w4D5\sample-android-mixpanel-integration-master\AndroidManifest.xml reason: use-sdk injection requested
MERGED from [com.google.android.gms:play-services-gcm:7.3.0] AndroidManifest.xml:18:5-42
MERGED from [com.google.android.gms:play-services-base:7.3.0] AndroidManifest.xml:18:5-42
MERGED from [com.android.support:support-v4:22.0.0] AndroidManifest.xml:20:5-43
MERGED from [com.mixpanel.android:mixpanel-android:4.9.2] AndroidManifest.xml:11:5-13:41
	android:targetSdkVersion
		INJECTED from w4D5\sample-android-mixpanel-integration-master\AndroidManifest.xml
		INJECTED from w4D5\sample-android-mixpanel-integration-master\AndroidManifest.xml
	android:minSdkVersion
		INJECTED from w4D5\sample-android-mixpanel-integration-master\AndroidManifest.xml
		INJECTED from w4D5\sample-android-mixpanel-integration-master\AndroidManifest.xml
meta-data#com.google.android.gms.version
ADDED from [com.google.android.gms:play-services-base:7.3.0] AndroidManifest.xml:21:9-23:69
	android:value
		ADDED from [com.google.android.gms:play-services-base:7.3.0] AndroidManifest.xml:23:13-66
	android:name
		ADDED from [com.google.android.gms:play-services-base:7.3.0] AndroidManifest.xml:22:13-58